<?xml version="1.0" encoding="utf-8"?><testsuites name="pytest tests"><testsuite name="pytest" errors="0" failures="0" skipped="0" tests="27" time="8.124" timestamp="2026-05-04T00:02:27.817367+00:00" hostname="agent-env-a2a68489-8ac0-4346-b7e1-ca93ce62bcbe"><testcase classname="backend.tests.backend_test" name="test_health" time="0.315" /><testcase classname="backend.tests.backend_test" name="test_login_populates_organization" time="1.355" /><testcase classname="backend.tests.backend_test" name="test_login_invalid_credentials" time="0.217" /><testcase classname="backend.tests.backend_test" name="test_auth_me" time="0.110" /><testcase classname="backend.tests.backend_test" name="test_register_new_org_approver" time="0.227" /><testcase classname="backend.tests.backend_test" name="test_list_products" time="0.118" /><testcase classname="backend.tests.backend_test" name="test_list_products_filter_category" time="0.120" /><testcase classname="backend.tests.backend_test" name="test_list_products_search" time="0.121" /><testcase classname="backend.tests.backend_test" name="test_list_products_isused_true" time="0.107" /><testcase classname="backend.tests.backend_test" name="test_get_product_detail" time="0.224" /><testcase classname="backend.tests.backend_test" name="test_create_product_as_seller" time="0.267" /><testcase classname="backend.tests.backend_test" name="test_create_product_validation_400" time="0.113" /><testcase classname="backend.tests.backend_test" name="test_list_my_products" time="0.294" /><testcase classname="backend.tests.backend_test" name="test_cart_autocreates_for_requestor" time="0.282" /><testcase classname="backend.tests.backend_test" name="test_cart_add_item_tier_pricing" time="0.585" /><testcase classname="backend.tests.backend_test" name="test_cart_add_item_requires_requestor" time="0.243" /><testcase classname="backend.tests.backend_test" name="test_cart_cannot_order_from_own_org" time="0.386" /><testcase classname="backend.tests.backend_test" name="test_cart_remove_item" time="0.755" /><testcase classname="backend.tests.backend_test" name="test_approve_order" time="0.593" /><testcase classname="backend.tests.backend_test" name="test_pay_order" time="0.124" /><testcase classname="backend.tests.backend_test" name="test_deliver_by_non_seller_forbidden" time="0.126" /><testcase classname="backend.tests.backend_test" name="test_deliver_by_seller" time="0.123" /><testcase classname="backend.tests.backend_test" name="test_reject_order" time="0.621" /><testcase classname="backend.tests.backend_test" name="test_orders_buyer_view" time="0.124" /><testcase classname="backend.tests.backend_test" name="test_orders_seller_view" time="0.107" /><testcase classname="backend.tests.backend_test" name="test_invite_user_as_approver" time="0.198" /><testcase classname="backend.tests.backend_test" name="test_invite_user_as_requestor_forbidden" time="0.115" /></testsuite></testsuites>